<?xml version="1.0" encoding="UTF-8"?>
<!-- Generated by org.testng.reporters.JUnitXMLReporter -->
<testsuite ignored="0" hostname="DESKTOP-5KEISHG" failures="2" tests="6" name="Test" time="77.266" errors="0" timestamp="2024-12-05T05:40:27 IST">
  <testcase classname="testCases.TC003_OC_LoginpagetestDDT" name="Verifylogin" time="11.411"/>
  <testcase classname="testCases.TC003_OC_LoginpagetestDDT" name="Verifylogin" time="11.014">
    <failure type="java.lang.AssertionError" message="expected [true] but found [false]">
      <![CDATA[java.lang.AssertionError: expected [true] but found [false]
at testCases.TC003_OC_LoginpagetestDDT.Verifylogin(TC003_OC_LoginpagetestDDT.java:38)
at java.base/java.util.ArrayList.forEach(ArrayList.java:1596)
... Removed 29 stack frames]]>
    </failure>
  </testcase> <!-- Verifylogin -->
  <testcase classname="testCases.TC003_OC_LoginpagetestDDT" name="Verifylogin" time="10.725"/>
  <testcase classname="testCases.TC003_OC_LoginpagetestDDT" name="Verifylogin" time="10.95"/>
  <testcase classname="testCases.TC003_OC_LoginpagetestDDT" name="Verifylogin" time="11.029">
    <failure type="java.lang.AssertionError" message="expected [true] but found [false]">
      <![CDATA[java.lang.AssertionError: expected [true] but found [false]
at testCases.TC003_OC_LoginpagetestDDT.Verifylogin(TC003_OC_LoginpagetestDDT.java:38)
at java.base/java.util.ArrayList.forEach(ArrayList.java:1596)
... Removed 29 stack frames]]>
    </failure>
  </testcase> <!-- Verifylogin -->
  <testcase classname="testCases.TC003_OC_LoginpagetestDDT" name="Verifylogin" time="10.821"/>
</testsuite> <!-- Test -->
